This is pdfTeX, Version 3.141592653-2.6-1.40.25 (TeX Live 2023/Debian) (preloaded format=pdflatex 2025.3.13)  14 MAR 2025 17:03
entering extended mode
 restricted \write18 enabled.
 %&-line parsing enabled.
**I304_TP1_Simulador_CPU.pdf
(./I304_TP1_Simulador_CPU.pdf
LaTeX2e <2023-11-01> patch level 1
L3 programming layer <2024-01-22>

! LaTeX Error: Missing \begin{document}.

See the LaTeX manual or LaTeX Companion for explanation.
Type  H <return>  for immediate help.
 ...                                              
                                                  
l.3 1
      0 obj
? 
! Emergency stop.
 ...                                              
                                                  
l.3 1
      0 obj
You're in trouble here.  Try typing  <return>  to proceed.
If that doesn't work, type  X <return>  to quit.

 
Here is how much of TeX's memory you used:
 17 strings out of 476047
 583 string characters out of 5792075
 1922975 words of memory out of 5000000
 22132 multiletter control sequences out of 15000+600000
 558069 words of font info for 36 fonts, out of 8000000 for 9000
 85 hyphenation exceptions out of 8191
 15i,0n,18p,69b,14s stack positions out of 10000i,1000n,20000p,200000b,200000s
!  ==> Fatal error occurred, no output PDF file produced!
